
=== EMAIL LOCAL ===
Para: admin@lojavirtual.test
Assunto: Backup BD concluído
Conteúdo:
Template não encontrado: Backup BD: C:/wamp64/www/lojavirtual/backups/BaseDados/2026/03/backup_db_2026-03-14_23-57-59.sql.zip


=== EMAIL LOCAL ===
Para: admin@lojavirtual.test
Assunto: Backup FILES concluído
Conteúdo:
Template não encontrado: Backup FILES: C:/wamp64/www/lojavirtual/backups/Ficheiros/2026/03/backup_files_2026-03-14_23-58-28.zip


=== EMAIL LOCAL ===
Para: admin@lojavirtual.test
Assunto: Backup FILES concluído
Conteúdo:
Template não encontrado: Backup FILES: C:/wamp64/www/lojavirtual/backups/Ficheiros/2026/03/backup_files_2026-03-23_21-47-21.zip


=== EMAIL LOCAL ===
Para: admin@lojavirtual.test
Assunto: Backup BD concluído
Conteúdo:
Template não encontrado: Backup BD: C:/wamp64/www/lojavirtual/backups/BaseDados/2026/03/backup_db_2026-03-30_18-19-14.sql.zip


=== EMAIL LOCAL ===
Para: admin@lojavirtual.test
Assunto: Backup FILES concluído
Conteúdo:
Template não encontrado: Backup FILES: C:/wamp64/www/lojavirtual/backups/Ficheiros/2026/03/backup_files_2026-03-30_18-19-37.zip


=== EMAIL LOCAL ===
Para: admin@lojavirtual.test
Assunto: Backup BD concluído
Conteúdo:
Template não encontrado: Backup BD: C:/wamp64/www/lojavirtual/backups/BaseDados/2026/04/backup_db_2026-04-05_18-23-44.sql.zip


=== EMAIL LOCAL ===
Para: admin@lojavirtual.test
Assunto: Backup FILES concluído
Conteúdo:
Template não encontrado: Backup FILES: C:/wamp64/www/lojavirtual/backups/Ficheiros/2026/04/backup_files_2026-04-05_18-24-02.zip


=== EMAIL LOCAL ===
Para: admin@lojavirtual.test
Assunto: Backup FILES concluído
Conteúdo:
Template não encontrado: Backup FILES: C:/wamp64/www/lojavirtual/backups/Ficheiros/2026/04/backup_files_2026-04-10_16-45-45.zip


=== EMAIL LOCAL ===
Para: admin@lojavirtual.test
Assunto: Backup BD concluído
Conteúdo:
Template não encontrado: Backup BD: C:/wamp64/www/lojavirtual/backups/BaseDados/2026/04/backup_db_2026-04-10_16-46-00.sql.zip


=== EMAIL LOCAL ===
Para: admin@lojavirtual.test
Assunto: Backup BD concluído
Conteúdo:
Template não encontrado: Backup BD: C:/wamp64/www/lojavirtual/backups/BaseDados/2026/04/backup_db_2026-04-13_21-06-12.sql.zip


=== EMAIL LOCAL ===
Para: admin@lojavirtual.test
Assunto: Backup BD concluído
Conteúdo:
Template não encontrado: Backup BD: C:/wamp64/www/lojavirtual/backups/BaseDados/2026/04/backup_db_2026-04-13_21-16-42.sql.zip


=== EMAIL LOCAL ===
Para: admin@lojavirtual.test
Assunto: Backup FILES concluído
Conteúdo:
Template não encontrado: Backup FILES: C:/wamp64/www/lojavirtual/backups/Ficheiros/2026/04/backup_files_2026-04-13_21-17-27.zip


=== EMAIL LOCAL ===
Para: admin@lojavirtual.test
Assunto: Backup BD concluído
Conteúdo:
Template não encontrado: Backup BD: C:/wamp64/www/lojavirtual/backups/BaseDados/2026/04/backup_db_2026-04-26_19-36-23.sql.zip


=== EMAIL LOCAL ===
Para: admin@lojavirtual.test
Assunto: Backup FILES concluído
Conteúdo:
Template não encontrado: Backup FILES: C:/wamp64/www/lojavirtual/backups/Ficheiros/2026/04/backup_files_2026-04-26_19-37-35.zip

